Release 14.7 - xst P.20131013 (nt64)
Copyright (c) 1995-2013 Xilinx, Inc.  All rights reserved.
--> Parameter TMPDIR set to xst/projnav.tmp


Total REAL time to Xst completion: 0.00 secs
Total CPU time to Xst completion: 0.10 secs
 
--> Parameter xsthdpdir set to xst


Total REAL time to Xst completion: 0.00 secs
Total CPU time to Xst completion: 0.10 secs
 
--> Reading design: corrimiento_suma.prj

TABLE OF CONTENTS
  1) Synthesis Options Summary
  2) HDL Compilation
  3) Design Hierarchy Analysis
  4) HDL Analysis
  5) HDL Synthesis
     5.1) HDL Synthesis Report
  6) Advanced HDL Synthesis
     6.1) Advanced HDL Synthesis Report
  7) Low Level Synthesis
  8) Partition Report
  9) Final Report
	9.1) Device utilization summary
	9.2) Partition Resource Summary
	9.3) TIMING REPORT


=========================================================================
*                      Synthesis Options Summary                        *
=========================================================================
---- Source Parameters
Input File Name                    : "corrimiento_suma.prj"
Input Format                       : mixed
Ignore Synthesis Constraint File   : NO

---- Target Parameters
Output File Name                   : "corrimiento_suma"
Output Format                      : NGC
Target Device                      : xc3s100e-4-cp132

---- Source Options
Top Module Name                    : corrimiento_suma
Automatic FSM Extraction           : YES
FSM Encoding Algorithm             : Auto
Safe Implementation                : No
FSM Style                          : LUT
RAM Extraction                     : Yes
RAM Style                          : Auto
ROM Extraction                     : Yes
Mux Style                          : Auto
Decoder Extraction                 : YES
Priority Encoder Extraction        : Yes
Shift Register Extraction          : YES
Logical Shifter Extraction         : YES
XOR Collapsing                     : YES
ROM Style                          : Auto
Mux Extraction                     : Yes
Resource Sharing                   : YES
Asynchronous To Synchronous        : NO
Multiplier Style                   : Auto
Automatic Register Balancing       : No

---- Target Options
Add IO Buffers                     : YES
Global Maximum Fanout              : 500
Add Generic Clock Buffer(BUFG)     : 24
Register Duplication               : YES
Slice Packing                      : YES
Optimize Instantiated Primitives   : NO
Use Clock Enable                   : Yes
Use Synchronous Set                : Yes
Use Synchronous Reset              : Yes
Pack IO Registers into IOBs        : Auto
Equivalent register Removal        : YES

---- General Options
Optimization Goal                  : Speed
Optimization Effort                : 1
Keep Hierarchy                     : No
Netlist Hierarchy                  : As_Optimized
RTL Output                         : Yes
Global Optimization                : AllClockNets
Read Cores                         : YES
Write Timing Constraints           : NO
Cross Clock Analysis               : NO
Hierarchy Separator                : /
Bus Delimiter                      : <>
Case Specifier                     : Maintain
Slice Utilization Ratio            : 100
BRAM Utilization Ratio             : 100
Verilog 2001                       : YES
Auto BRAM Packing                  : NO
Slice Utilization Ratio Delta      : 5

=========================================================================


=========================================================================
*                          HDL Compilation                              *
=========================================================================
Compiling verilog file "corrimiento_suma.v" in library work
Module <corrimiento_suma> compiled
No errors in compilation
Analysis of file <"corrimiento_suma.prj"> succeeded.
 

=========================================================================
*                     Design Hierarchy Analysis                         *
=========================================================================
Analyzing hierarchy for module <corrimiento_suma> in library <work>.


=========================================================================
*                            HDL Analysis                               *
=========================================================================
Analyzing top module <corrimiento_suma>.
Module <corrimiento_suma> is correct for synthesis.
 

=========================================================================
*                           HDL Synthesis                               *
=========================================================================

Performing bidirectional port resolution...

Synthesizing Unit <corrimiento_suma>.
    Related source file is "corrimiento_suma.v".
    Found 4-bit adder for signal <$add0000> created at line 82.
    Found 4-bit adder for signal <$add0001> created at line 91.
    Found 4-bit adder for signal <$add0002> created at line 98.
    Found 4-bit adder for signal <$add0003> created at line 107.
    Found 4-bit register for signal <rvCentQ>.
    Found 15-bit register for signal <rvCountQ>.
    Found 4-bit comparator greater for signal <rvD_17$cmp_gt0000> created at line 80.
    Found 4-bit comparator greater for signal <rvD_21$cmp_gt0000> created at line 89.
    Found 4-bit comparator greater for signal <rvD_25$cmp_gt0000> created at line 96.
    Found 4-bit comparator greater for signal <rvD_29$cmp_gt0000> created at line 105.
    Found 4-bit register for signal <rvDecQ>.
    Found 4-bit register for signal <rvMillarQ>.
    Found 30-bit register for signal <rvQ>.
    Found 4-bit register for signal <rvUnitsQ>.
    Summary:
	inferred  61 D-type flip-flop(s).
	inferred   4 Adder/Subtractor(s).
	inferred   4 Comparator(s).
Unit <corrimiento_suma> synthesized.


=========================================================================
HDL Synthesis Report

Macro Statistics
# Adders/Subtractors                                   : 4
 4-bit adder                                           : 4
# Registers                                            : 6
 15-bit register                                       : 1
 30-bit register                                       : 1
 4-bit register                                        : 4
# Comparators                                          : 4
 4-bit comparator greater                              : 4

=========================================================================

=========================================================================
*                       Advanced HDL Synthesis                          *
=========================================================================


=========================================================================
Advanced HDL Synthesis Report

Macro Statistics
# Adders/Subtractors                                   : 4
 4-bit adder                                           : 4
# Registers                                            : 61
 Flip-Flops                                            : 61
# Comparators                                          : 4
 4-bit comparator greater                              : 4

=========================================================================

=========================================================================
*                         Low Level Synthesis                           *
=========================================================================

Optimizing unit <corrimiento_suma> ...

Mapping all equations...
Building and optimizing final netlist ...
Found area constraint ratio of 100 (+ 5) on block corrimiento_suma, actual ratio is 4.

Final Macro Processing ...

=========================================================================
Final Register Report

Macro Statistics
# Registers                                            : 61
 Flip-Flops                                            : 61

=========================================================================

=========================================================================
*                           Partition Report                            *
=========================================================================

Partition Implementation Status
-------------------------------

  No Partitions were found in this design.

-------------------------------

=========================================================================
*                            Final Report                               *
=========================================================================
Final Results
RTL Top Level Output File Name     : corrimiento_suma.ngr
Top Level Output File Name         : corrimiento_suma
Output Format                      : NGC
Optimization Goal                  : Speed
Keep Hierarchy                     : No

Design Statistics
# IOs                              : 33

Cell Usage :
# BELS                             : 85
#      LUT2                        : 5
#      LUT3                        : 35
#      LUT3_L                      : 5
#      LUT4                        : 25
#      LUT4_D                      : 3
#      LUT4_L                      : 8
#      MUXF5                       : 4
# FlipFlops/Latches                : 61
#      FDE                         : 31
#      FDRE                        : 30
# Clock Buffers                    : 1
#      BUFGP                       : 1
# IO Buffers                       : 32
#      IBUF                        : 16
#      OBUF                        : 16
=========================================================================

Device utilization summary:
---------------------------

Selected Device : 3s100ecp132-4 

 Number of Slices:                       45  out of    960     4%  
 Number of Slice Flip Flops:             61  out of   1920     3%  
 Number of 4 input LUTs:                 81  out of   1920     4%  
 Number of IOs:                          33
 Number of bonded IOBs:                  33  out of     83    39%  
 Number of GCLKs:                         1  out of     24     4%  

---------------------------
Partition Resource Summary:
---------------------------

  No Partitions were found in this design.

---------------------------


=========================================================================
TIMING REPORT

NOTE: THESE TIMING NUMBERS ARE ONLY A SYNTHESIS ESTIMATE.
      FOR ACCURATE TIMING INFORMATION PLEASE REFER TO THE TRACE REPORT
      GENERATED AFTER PLACE-and-ROUTE.

Clock Information:
------------------
-----------------------------------+------------------------+-------+
Clock Signal                       | Clock buffer(FF name)  | Load  |
-----------------------------------+------------------------+-------+
iClk                               | BUFGP                  | 61    |
-----------------------------------+------------------------+-------+

Asynchronous Control Signals Information:
----------------------------------------
No asynchronous control signals found in this design

Timing Summary:
---------------
Speed Grade: -4

   Minimum period: 5.888ns (Maximum Frequency: 169.837MHz)
   Minimum input arrival time before clock: 5.176ns
   Maximum output required time after clock: 4.310ns
   Maximum combinational path delay: No path found

Timing Detail:
--------------
All values displayed in nanoseconds (ns)

=========================================================================
Timing constraint: Default period analysis for Clock 'iClk'
  Clock period: 5.888ns (frequency: 169.837MHz)
  Total number of paths / destination ports: 1148 / 61
-------------------------------------------------------------------------
Delay:               5.888ns (Levels of Logic = 4)
  Source:            rvCountQ_0 (FF)
  Destination:       rvQ_14 (FF)
  Source Clock:      iClk rising
  Destination Clock: iClk rising

  Data Path: rvCountQ_0 to rvQ_14
                                Gate     Net
    Cell:in->out      fanout   Delay   Delay  Logical Name (Net Name)
    ----------------------------------------  ------------
     FDE:C->Q              9   0.591   0.855  rvCountQ_0 (rvCountQ_0)
     LUT3:I2->O            1   0.704   0.424  rvCountD_cmp_eq0000159_SW1 (N53)
     LUT4:I3->O           20   0.704   1.277  rvD_14_mux000111 (N01)
     LUT4:I0->O            1   0.704   0.000  rvD_26_mux0001_F (N71)
     MUXF5:I0->O           1   0.321   0.000  rvD_26_mux0001 (rvD<26>)
     FDRE:D                    0.308          rvQ_26
    ----------------------------------------
    Total                      5.888ns (3.332ns logic, 2.556ns route)
                                       (56.6% logic, 43.4% route)

=========================================================================
Timing constraint: Default OFFSET IN BEFORE for Clock 'iClk'
  Total number of paths / destination ports: 136 / 105
-------------------------------------------------------------------------
Offset:              5.176ns (Levels of Logic = 2)
  Source:            iReset (PAD)
  Destination:       rvCountQ_0 (FF)
  Destination Clock: iClk rising

  Data Path: iReset to rvCountQ_0
                                Gate     Net
    Cell:in->out      fanout   Delay   Delay  Logical Name (Net Name)
    ----------------------------------------  ------------
     IBUF:I->O            31   1.218   1.437  iReset_IBUF (iReset_IBUF)
     LUT2:I0->O           31   0.704   1.262  rvCountQ_not00021 (rvCountQ_not0002)
     FDE:CE                    0.555          rvCountQ_0
    ----------------------------------------
    Total                      5.176ns (2.477ns logic, 2.699ns route)
                                       (47.9% logic, 52.1% route)

=========================================================================
Timing constraint: Default OFFSET OUT AFTER for Clock 'iClk'
  Total number of paths / destination ports: 16 / 16
-------------------------------------------------------------------------
Offset:              4.310ns (Levels of Logic = 1)
  Source:            rvUnitsQ_3 (FF)
  Destination:       ovUnits<3> (PAD)
  Source Clock:      iClk rising

  Data Path: rvUnitsQ_3 to ovUnits<3>
                                Gate     Net
    Cell:in->out      fanout   Delay   Delay  Logical Name (Net Name)
    ----------------------------------------  ------------
     FDE:C->Q              2   0.591   0.447  rvUnitsQ_3 (rvUnitsQ_3)
     OBUF:I->O                 3.272          ovUnits_3_OBUF (ovUnits<3>)
    ----------------------------------------
    Total                      4.310ns (3.863ns logic, 0.447ns route)
                                       (89.6% logic, 10.4% route)

=========================================================================


Total REAL time to Xst completion: 4.00 secs
Total CPU time to Xst completion: 4.13 secs
 
--> 

Total memory usage is 306208 kilobytes

Number of errors   :    0 (   0 filtered)
Number of warnings :    0 (   0 filtered)
Number of infos    :    0 (   0 filtered)

