Release 14.7 - xst P.20131013 (nt64)
Copyright (c) 1995-2013 Xilinx, Inc.  All rights reserved.
--> Parameter TMPDIR set to xst/projnav.tmp


Total REAL time to Xst completion: 0.00 secs
Total CPU time to Xst completion: 0.09 secs
 
--> Parameter xsthdpdir set to xst


Total REAL time to Xst completion: 0.00 secs
Total CPU time to Xst completion: 0.11 secs
 
--> Reading design: mDivisor_1Hz.prj

TABLE OF CONTENTS
  1) Synthesis Options Summary
  2) HDL Compilation
  3) Design Hierarchy Analysis
  4) HDL Analysis
  5) HDL Synthesis
     5.1) HDL Synthesis Report
  6) Advanced HDL Synthesis
     6.1) Advanced HDL Synthesis Report
  7) Low Level Synthesis
  8) Partition Report
  9) Final Report
	9.1) Device utilization summary
	9.2) Partition Resource Summary
	9.3) TIMING REPORT


=========================================================================
*                      Synthesis Options Summary                        *
=========================================================================
---- Source Parameters
Input File Name                    : "mDivisor_1Hz.prj"
Input Format                       : mixed
Ignore Synthesis Constraint File   : NO

---- Target Parameters
Output File Name                   : "mDivisor_1Hz"
Output Format                      : NGC
Target Device                      : xc3s100e-4-cp132

---- Source Options
Top Module Name                    : mDivisor_1Hz
Automatic FSM Extraction           : YES
FSM Encoding Algorithm             : Auto
Safe Implementation                : No
FSM Style                          : LUT
RAM Extraction                     : Yes
RAM Style                          : Auto
ROM Extraction                     : Yes
Mux Style                          : Auto
Decoder Extraction                 : YES
Priority Encoder Extraction        : Yes
Shift Register Extraction          : YES
Logical Shifter Extraction         : YES
XOR Collapsing                     : YES
ROM Style                          : Auto
Mux Extraction                     : Yes
Resource Sharing                   : YES
Asynchronous To Synchronous        : NO
Multiplier Style                   : Auto
Automatic Register Balancing       : No

---- Target Options
Add IO Buffers                     : YES
Global Maximum Fanout              : 500
Add Generic Clock Buffer(BUFG)     : 24
Register Duplication               : YES
Slice Packing                      : YES
Optimize Instantiated Primitives   : NO
Use Clock Enable                   : Yes
Use Synchronous Set                : Yes
Use Synchronous Reset              : Yes
Pack IO Registers into IOBs        : Auto
Equivalent register Removal        : YES

---- General Options
Optimization Goal                  : Speed
Optimization Effort                : 1
Keep Hierarchy                     : No
Netlist Hierarchy                  : As_Optimized
RTL Output                         : Yes
Global Optimization                : AllClockNets
Read Cores                         : YES
Write Timing Constraints           : NO
Cross Clock Analysis               : NO
Hierarchy Separator                : /
Bus Delimiter                      : <>
Case Specifier                     : Maintain
Slice Utilization Ratio            : 100
BRAM Utilization Ratio             : 100
Verilog 2001                       : YES
Auto BRAM Packing                  : NO
Slice Utilization Ratio Delta      : 5

=========================================================================


=========================================================================
*                          HDL Compilation                              *
=========================================================================
Compiling verilog file "mDivisor_1Hz.v" in library work
Module <mDivisor_1Hz> compiled
No errors in compilation
Analysis of file <"mDivisor_1Hz.prj"> succeeded.
 

=========================================================================
*                     Design Hierarchy Analysis                         *
=========================================================================
Analyzing hierarchy for module <mDivisor_1Hz> in library <work>.


=========================================================================
*                            HDL Analysis                               *
=========================================================================
Analyzing top module <mDivisor_1Hz>.
Module <mDivisor_1Hz> is correct for synthesis.
 

=========================================================================
*                           HDL Synthesis                               *
=========================================================================

Performing bidirectional port resolution...

Synthesizing Unit <mDivisor_1Hz>.
    Related source file is "mDivisor_1Hz.v".
    Found 24-bit adder for signal <rvCount_D$addsub0000> created at line 64.
    Found 24-bit comparator less for signal <rvCount_D$cmp_lt0000> created at line 62.
    Found 24-bit register for signal <rvCount_Q>.
    Found 1-bit register for signal <rvFF_Q>.
    Summary:
	inferred  25 D-type flip-flop(s).
	inferred   1 Adder/Subtractor(s).
	inferred   1 Comparator(s).
Unit <mDivisor_1Hz> synthesized.


=========================================================================
HDL Synthesis Report

Macro Statistics
# Adders/Subtractors                                   : 1
 24-bit adder                                          : 1
# Registers                                            : 2
 1-bit register                                        : 1
 24-bit register                                       : 1
# Comparators                                          : 1
 24-bit comparator less                                : 1

=========================================================================

=========================================================================
*                       Advanced HDL Synthesis                          *
=========================================================================


=========================================================================
Advanced HDL Synthesis Report

Macro Statistics
# Adders/Subtractors                                   : 1
 24-bit adder                                          : 1
# Registers                                            : 25
 Flip-Flops                                            : 25
# Comparators                                          : 1
 24-bit comparator less                                : 1

=========================================================================

=========================================================================
*                         Low Level Synthesis                           *
=========================================================================

Optimizing unit <mDivisor_1Hz> ...

Mapping all equations...
Building and optimizing final netlist ...
Found area constraint ratio of 100 (+ 5) on block mDivisor_1Hz, actual ratio is 3.

Final Macro Processing ...

=========================================================================
Final Register Report

Macro Statistics
# Registers                                            : 25
 Flip-Flops                                            : 25

=========================================================================

=========================================================================
*                           Partition Report                            *
=========================================================================

Partition Implementation Status
-------------------------------

  No Partitions were found in this design.

-------------------------------

=========================================================================
*                            Final Report                               *
=========================================================================
Final Results
RTL Top Level Output File Name     : mDivisor_1Hz.ngr
Top Level Output File Name         : mDivisor_1Hz
Output Format                      : NGC
Optimization Goal                  : Speed
Keep Hierarchy                     : No

Design Statistics
# IOs                              : 4

Cell Usage :
# BELS                             : 113
#      GND                         : 1
#      INV                         : 3
#      LUT1                        : 26
#      LUT2                        : 24
#      LUT4                        : 3
#      MUXCY                       : 31
#      VCC                         : 1
#      XORCY                       : 24
# FlipFlops/Latches                : 25
#      FDRE                        : 25
# Clock Buffers                    : 1
#      BUFGP                       : 1
# IO Buffers                       : 3
#      IBUF                        : 2
#      OBUF                        : 1
=========================================================================

Device utilization summary:
---------------------------

Selected Device : 3s100ecp132-4 

 Number of Slices:                       31  out of    960     3%  
 Number of Slice Flip Flops:             25  out of   1920     1%  
 Number of 4 input LUTs:                 56  out of   1920     2%  
 Number of IOs:                           4
 Number of bonded IOBs:                   4  out of     83     4%  
 Number of GCLKs:                         1  out of     24     4%  

---------------------------
Partition Resource Summary:
---------------------------

  No Partitions were found in this design.

---------------------------


=========================================================================
TIMING REPORT

NOTE: THESE TIMING NUMBERS ARE ONLY A SYNTHESIS ESTIMATE.
      FOR ACCURATE TIMING INFORMATION PLEASE REFER TO THE TRACE REPORT
      GENERATED AFTER PLACE-and-ROUTE.

Clock Information:
------------------
-----------------------------------+------------------------+-------+
Clock Signal                       | Clock buffer(FF name)  | Load  |
-----------------------------------+------------------------+-------+
iClk                               | BUFGP                  | 25    |
-----------------------------------+------------------------+-------+

Asynchronous Control Signals Information:
----------------------------------------
No asynchronous control signals found in this design

Timing Summary:
---------------
Speed Grade: -4

   Minimum period: 5.908ns (Maximum Frequency: 169.262MHz)
   Minimum input arrival time before clock: 3.389ns
   Maximum output required time after clock: 4.283ns
   Maximum combinational path delay: No path found

Timing Detail:
--------------
All values displayed in nanoseconds (ns)

=========================================================================
Timing constraint: Default period analysis for Clock 'iClk'
  Clock period: 5.908ns (frequency: 169.262MHz)
  Total number of paths / destination ports: 725 / 25
-------------------------------------------------------------------------
Delay:               5.908ns (Levels of Logic = 25)
  Source:            rvCount_Q_1 (FF)
  Destination:       rvCount_Q_23 (FF)
  Source Clock:      iClk rising
  Destination Clock: iClk rising

  Data Path: rvCount_Q_1 to rvCount_Q_23
                                Gate     Net
    Cell:in->out      fanout   Delay   Delay  Logical Name (Net Name)
    ----------------------------------------  ------------
     FDRE:C->Q             1   0.591   0.595  rvCount_Q_1 (rvCount_Q_1)
     LUT1:I0->O            1   0.704   0.000  Madd_rvCount_D_addsub0000_cy<1>_rt (Madd_rvCount_D_addsub0000_cy<1>_rt)
     MUXCY:S->O            1   0.464   0.000  Madd_rvCount_D_addsub0000_cy<1> (Madd_rvCount_D_addsub0000_cy<1>)
     MUXCY:CI->O           1   0.059   0.000  Madd_rvCount_D_addsub0000_cy<2> (Madd_rvCount_D_addsub0000_cy<2>)
     MUXCY:CI->O           1   0.059   0.000  Madd_rvCount_D_addsub0000_cy<3> (Madd_rvCount_D_addsub0000_cy<3>)
     MUXCY:CI->O           1   0.059   0.000  Madd_rvCount_D_addsub0000_cy<4> (Madd_rvCount_D_addsub0000_cy<4>)
     MUXCY:CI->O           1   0.059   0.000  Madd_rvCount_D_addsub0000_cy<5> (Madd_rvCount_D_addsub0000_cy<5>)
     MUXCY:CI->O           1   0.059   0.000  Madd_rvCount_D_addsub0000_cy<6> (Madd_rvCount_D_addsub0000_cy<6>)
     MUXCY:CI->O           1   0.059   0.000  Madd_rvCount_D_addsub0000_cy<7> (Madd_rvCount_D_addsub0000_cy<7>)
     MUXCY:CI->O           1   0.059   0.000  Madd_rvCount_D_addsub0000_cy<8> (Madd_rvCount_D_addsub0000_cy<8>)
     MUXCY:CI->O           1   0.059   0.000  Madd_rvCount_D_addsub0000_cy<9> (Madd_rvCount_D_addsub0000_cy<9>)
     MUXCY:CI->O           1   0.059   0.000  Madd_rvCount_D_addsub0000_cy<10> (Madd_rvCount_D_addsub0000_cy<10>)
     MUXCY:CI->O           1   0.059   0.000  Madd_rvCount_D_addsub0000_cy<11> (Madd_rvCount_D_addsub0000_cy<11>)
     MUXCY:CI->O           1   0.059   0.000  Madd_rvCount_D_addsub0000_cy<12> (Madd_rvCount_D_addsub0000_cy<12>)
     MUXCY:CI->O           1   0.059   0.000  Madd_rvCount_D_addsub0000_cy<13> (Madd_rvCount_D_addsub0000_cy<13>)
     MUXCY:CI->O           1   0.059   0.000  Madd_rvCount_D_addsub0000_cy<14> (Madd_rvCount_D_addsub0000_cy<14>)
     MUXCY:CI->O           1   0.059   0.000  Madd_rvCount_D_addsub0000_cy<15> (Madd_rvCount_D_addsub0000_cy<15>)
     MUXCY:CI->O           1   0.059   0.000  Madd_rvCount_D_addsub0000_cy<16> (Madd_rvCount_D_addsub0000_cy<16>)
     MUXCY:CI->O           1   0.059   0.000  Madd_rvCount_D_addsub0000_cy<17> (Madd_rvCount_D_addsub0000_cy<17>)
     MUXCY:CI->O           1   0.059   0.000  Madd_rvCount_D_addsub0000_cy<18> (Madd_rvCount_D_addsub0000_cy<18>)
     MUXCY:CI->O           1   0.059   0.000  Madd_rvCount_D_addsub0000_cy<19> (Madd_rvCount_D_addsub0000_cy<19>)
     MUXCY:CI->O           1   0.059   0.000  Madd_rvCount_D_addsub0000_cy<20> (Madd_rvCount_D_addsub0000_cy<20>)
     MUXCY:CI->O           1   0.059   0.000  Madd_rvCount_D_addsub0000_cy<21> (Madd_rvCount_D_addsub0000_cy<21>)
     MUXCY:CI->O           0   0.059   0.000  Madd_rvCount_D_addsub0000_cy<22> (Madd_rvCount_D_addsub0000_cy<22>)
     XORCY:CI->O           1   0.804   0.499  Madd_rvCount_D_addsub0000_xor<23> (rvCount_D_addsub0000<23>)
     LUT2:I1->O            1   0.704   0.000  rvCount_D<23>1 (rvCount_D<23>)
     FDRE:D                    0.308          rvCount_Q_23
    ----------------------------------------
    Total                      5.908ns (4.814ns logic, 1.094ns route)
                                       (81.5% logic, 18.5% route)

=========================================================================
Timing constraint: Default OFFSET IN BEFORE for Clock 'iClk'
  Total number of paths / destination ports: 50 / 50
-------------------------------------------------------------------------
Offset:              3.389ns (Levels of Logic = 1)
  Source:            iReset (PAD)
  Destination:       rvFF_Q (FF)
  Destination Clock: iClk rising

  Data Path: iReset to rvFF_Q
                                Gate     Net
    Cell:in->out      fanout   Delay   Delay  Logical Name (Net Name)
    ----------------------------------------  ------------
     IBUF:I->O            25   1.218   1.260  iReset_IBUF (iReset_IBUF)
     FDRE:R                    0.911          rvFF_Q
    ----------------------------------------
    Total                      3.389ns (2.129ns logic, 1.260ns route)
                                       (62.8% logic, 37.2% route)

=========================================================================
Timing constraint: Default OFFSET OUT AFTER for Clock 'iClk'
  Total number of paths / destination ports: 1 / 1
-------------------------------------------------------------------------
Offset:              4.283ns (Levels of Logic = 1)
  Source:            rvFF_Q (FF)
  Destination:       oClk_1Hz (PAD)
  Source Clock:      iClk rising

  Data Path: rvFF_Q to oClk_1Hz
                                Gate     Net
    Cell:in->out      fanout   Delay   Delay  Logical Name (Net Name)
    ----------------------------------------  ------------
     FDRE:C->Q             1   0.591   0.420  rvFF_Q (rvFF_Q)
     OBUF:I->O                 3.272          oClk_1Hz_OBUF (oClk_1Hz)
    ----------------------------------------
    Total                      4.283ns (3.863ns logic, 0.420ns route)
                                       (90.2% logic, 9.8% route)

=========================================================================


Total REAL time to Xst completion: 4.00 secs
Total CPU time to Xst completion: 3.81 secs
 
--> 

Total memory usage is 293584 kilobytes

Number of errors   :    0 (   0 filtered)
Number of warnings :    0 (   0 filtered)
Number of infos    :    0 (   0 filtered)

