Release 14.7 - xst P.20131013 (nt64)
Copyright (c) 1995-2013 Xilinx, Inc.  All rights reserved.
--> Parameter TMPDIR set to xst/projnav.tmp


Total REAL time to Xst completion: 0.00 secs
Total CPU time to Xst completion: 0.11 secs
 
--> Parameter xsthdpdir set to xst


Total REAL time to Xst completion: 0.00 secs
Total CPU time to Xst completion: 0.11 secs
 
--> Reading design: VGA640x480.prj

TABLE OF CONTENTS
  1) Synthesis Options Summary
  2) HDL Compilation
  3) Design Hierarchy Analysis
  4) HDL Analysis
  5) HDL Synthesis
     5.1) HDL Synthesis Report
  6) Advanced HDL Synthesis
     6.1) Advanced HDL Synthesis Report
  7) Low Level Synthesis
  8) Partition Report
  9) Final Report
	9.1) Device utilization summary
	9.2) Partition Resource Summary
	9.3) TIMING REPORT


=========================================================================
*                      Synthesis Options Summary                        *
=========================================================================
---- Source Parameters
Input File Name                    : "VGA640x480.prj"
Input Format                       : mixed
Ignore Synthesis Constraint File   : NO

---- Target Parameters
Output File Name                   : "VGA640x480"
Output Format                      : NGC
Target Device                      : xc3s100e-4-cp132

---- Source Options
Top Module Name                    : VGA640x480
Automatic FSM Extraction           : YES
FSM Encoding Algorithm             : Auto
Safe Implementation                : No
FSM Style                          : LUT
RAM Extraction                     : Yes
RAM Style                          : Auto
ROM Extraction                     : Yes
Mux Style                          : Auto
Decoder Extraction                 : YES
Priority Encoder Extraction        : Yes
Shift Register Extraction          : YES
Logical Shifter Extraction         : YES
XOR Collapsing                     : YES
ROM Style                          : Auto
Mux Extraction                     : Yes
Resource Sharing                   : YES
Asynchronous To Synchronous        : NO
Multiplier Style                   : Auto
Automatic Register Balancing       : No

---- Target Options
Add IO Buffers                     : YES
Global Maximum Fanout              : 500
Add Generic Clock Buffer(BUFG)     : 24
Register Duplication               : YES
Slice Packing                      : YES
Optimize Instantiated Primitives   : NO
Use Clock Enable                   : Yes
Use Synchronous Set                : Yes
Use Synchronous Reset              : Yes
Pack IO Registers into IOBs        : Auto
Equivalent register Removal        : YES

---- General Options
Optimization Goal                  : Speed
Optimization Effort                : 1
Keep Hierarchy                     : No
Netlist Hierarchy                  : As_Optimized
RTL Output                         : Yes
Global Optimization                : AllClockNets
Read Cores                         : YES
Write Timing Constraints           : NO
Cross Clock Analysis               : NO
Hierarchy Separator                : /
Bus Delimiter                      : <>
Case Specifier                     : Maintain
Slice Utilization Ratio            : 100
BRAM Utilization Ratio             : 100
Verilog 2001                       : YES
Auto BRAM Packing                  : NO
Slice Utilization Ratio Delta      : 5

=========================================================================


=========================================================================
*                          HDL Compilation                              *
=========================================================================
Compiling verilog file "../Desktop/vga/mvga.v" in library work
Module <VGA640x480> compiled
No errors in compilation
Analysis of file <"VGA640x480.prj"> succeeded.
 

=========================================================================
*                     Design Hierarchy Analysis                         *
=========================================================================
Analyzing hierarchy for module <VGA640x480> in library <work> with parameters.
	MAX_HORIZONTAL_PIXELS = "1100100000"
	MAX_VERTICAL_LINES = "1000001001"


=========================================================================
*                            HDL Analysis                               *
=========================================================================
Analyzing top module <VGA640x480>.
	MAX_HORIZONTAL_PIXELS = 10'b1100100000
	MAX_VERTICAL_LINES = 10'b1000001001
Module <VGA640x480> is correct for synthesis.
 

=========================================================================
*                           HDL Synthesis                               *
=========================================================================

Performing bidirectional port resolution...

Synthesizing Unit <VGA640x480>.
    Related source file is "../Desktop/vga/mvga.v".
    Found 2-bit register for signal <BlueOut_q>.
    Found 10-bit comparator greatequal for signal <GreenOut_d$cmp_ge0000> created at line 181.
    Found 10-bit comparator less for signal <GreenOut_d$cmp_lt0000> created at line 181.
    Found 3-bit register for signal <GreenOut_q>.
    Found 10-bit adder for signal <HCounter_d$addsub0000> created at line 129.
    Found 10-bit comparator less for signal <HCounter_d$cmp_lt0000> created at line 127.
    Found 10-bit register for signal <HCounter_q>.
    Found 10-bit comparator less for signal <HSync_d$cmp_lt0000> created at line 150.
    Found 1-bit register for signal <HSync_q>.
    Found 10-bit register for signal <Incremento2_q>.
    Found 10-bit register for signal <Incremento_q>.
    Found 10-bit adder for signal <old_Incremento2_d_2$addsub0000> created at line 156.
    Found 10-bit adder for signal <old_Incremento_d_1$addsub0000> created at line 155.
    Found 10-bit comparator greatequal for signal <RedOut_d$cmp_ge0000> created at line 175.
    Found 10-bit comparator greatequal for signal <RedOut_d$cmp_ge0001> created at line 175.
    Found 10-bit comparator less for signal <RedOut_d$cmp_lt0000> created at line 175.
    Found 10-bit comparator less for signal <RedOut_d$cmp_lt0001> created at line 175.
    Found 3-bit register for signal <RedOut_q>.
    Found 10-bit adder for signal <VCounter_d$addsub0000> created at line 139.
    Found 10-bit comparator less for signal <VCounter_d$cmp_lt0000> created at line 135.
    Found 10-bit register for signal <VCounter_q>.
    Found 10-bit comparator less for signal <VSync_d$cmp_lt0000> created at line 151.
    Found 1-bit register for signal <VSync_q>.
    Summary:
	inferred  30 D-type flip-flop(s).
	inferred   4 Adder/Subtractor(s).
	inferred  10 Comparator(s).
Unit <VGA640x480> synthesized.


=========================================================================
HDL Synthesis Report

Macro Statistics
# Adders/Subtractors                                   : 4
 10-bit adder                                          : 4
# Registers                                            : 9
 1-bit register                                        : 2
 10-bit register                                       : 4
 2-bit register                                        : 1
 3-bit register                                        : 2
# Comparators                                          : 10
 10-bit comparator greatequal                          : 3
 10-bit comparator less                                : 7

=========================================================================

=========================================================================
*                       Advanced HDL Synthesis                          *
=========================================================================

WARNING:Xst:1710 - FF/Latch <BlueOut_q_0> (without init value) has a constant value of 0 in block <VGA640x480>. This FF/Latch will be trimmed during the optimization process.
WARNING:Xst:1895 - Due to other FF/Latch trimming, FF/Latch <BlueOut_q_1> (without init value) has a constant value of 0 in block <VGA640x480>. This FF/Latch will be trimmed during the optimization process.
WARNING:Xst:2404 -  FFs/Latches <BlueOut_q<1:0>> (without init value) have a constant value of 0 in block <VGA640x480>.

=========================================================================
Advanced HDL Synthesis Report

Macro Statistics
# Adders/Subtractors                                   : 4
 10-bit adder                                          : 4
# Registers                                            : 48
 Flip-Flops                                            : 48
# Comparators                                          : 10
 10-bit comparator greatequal                          : 3
 10-bit comparator less                                : 7

=========================================================================

=========================================================================
*                         Low Level Synthesis                           *
=========================================================================
INFO:Xst:2261 - The FF/Latch <GreenOut_q_0> in Unit <VGA640x480> is equivalent to the following 2 FFs/Latches, which will be removed : <GreenOut_q_1> <GreenOut_q_2> 
INFO:Xst:2261 - The FF/Latch <RedOut_q_0> in Unit <VGA640x480> is equivalent to the following 2 FFs/Latches, which will be removed : <RedOut_q_1> <RedOut_q_2> 

Optimizing unit <VGA640x480> ...

Mapping all equations...
Building and optimizing final netlist ...
Found area constraint ratio of 100 (+ 5) on block VGA640x480, actual ratio is 7.

Final Macro Processing ...

=========================================================================
Final Register Report

Macro Statistics
# Registers                                            : 44
 Flip-Flops                                            : 44

=========================================================================

=========================================================================
*                           Partition Report                            *
=========================================================================

Partition Implementation Status
-------------------------------

  No Partitions were found in this design.

-------------------------------

=========================================================================
*                            Final Report                               *
=========================================================================
Final Results
RTL Top Level Output File Name     : VGA640x480.ngr
Top Level Output File Name         : VGA640x480
Output Format                      : NGC
Optimization Goal                  : Speed
Keep Hierarchy                     : No

Design Statistics
# IOs                              : 15

Cell Usage :
# BELS                             : 231
#      GND                         : 1
#      INV                         : 8
#      LUT1                        : 32
#      LUT2                        : 32
#      LUT2_L                      : 2
#      LUT3                        : 2
#      LUT4                        : 48
#      LUT4_D                      : 2
#      LUT4_L                      : 2
#      MUXCY                       : 61
#      VCC                         : 1
#      XORCY                       : 40
# FlipFlops/Latches                : 44
#      FDCE                        : 34
#      FDPE                        : 10
# Clock Buffers                    : 1
#      BUFGP                       : 1
# IO Buffers                       : 14
#      IBUF                        : 4
#      OBUF                        : 10
=========================================================================

Device utilization summary:
---------------------------

Selected Device : 3s100ecp132-4 

 Number of Slices:                       68  out of    960     7%  
 Number of Slice Flip Flops:             44  out of   1920     2%  
 Number of 4 input LUTs:                128  out of   1920     6%  
 Number of IOs:                          15
 Number of bonded IOBs:                  15  out of     83    18%  
 Number of GCLKs:                         1  out of     24     4%  

---------------------------
Partition Resource Summary:
---------------------------

  No Partitions were found in this design.

---------------------------


=========================================================================
TIMING REPORT

NOTE: THESE TIMING NUMBERS ARE ONLY A SYNTHESIS ESTIMATE.
      FOR ACCURATE TIMING INFORMATION PLEASE REFER TO THE TRACE REPORT
      GENERATED AFTER PLACE-and-ROUTE.

Clock Information:
------------------
-----------------------------------+------------------------+-------+
Clock Signal                       | Clock buffer(FF name)  | Load  |
-----------------------------------+------------------------+-------+
Clk                                | BUFGP                  | 44    |
-----------------------------------+------------------------+-------+

Asynchronous Control Signals Information:
----------------------------------------
-----------------------------------+------------------------+-------+
Control Signal                     | Buffer(FF name)        | Load  |
-----------------------------------+------------------------+-------+
Rst                                | IBUF                   | 44    |
-----------------------------------+------------------------+-------+

Timing Summary:
---------------
Speed Grade: -4

   Minimum period: 5.538ns (Maximum Frequency: 180.571MHz)
   Minimum input arrival time before clock: 4.338ns
   Maximum output required time after clock: 4.394ns
   Maximum combinational path delay: No path found

Timing Detail:
--------------
All values displayed in nanoseconds (ns)

=========================================================================
Timing constraint: Default period analysis for Clock 'Clk'
  Clock period: 5.538ns (frequency: 180.571MHz)
  Total number of paths / destination ports: 1066 / 44
-------------------------------------------------------------------------
Delay:               5.538ns (Levels of Logic = 4)
  Source:            VCounter_q_7 (FF)
  Destination:       GreenOut_q_0 (FF)
  Source Clock:      Clk rising
  Destination Clock: Clk rising

  Data Path: VCounter_q_7 to GreenOut_q_0
                                Gate     Net
    Cell:in->out      fanout   Delay   Delay  Logical Name (Net Name)
    ----------------------------------------  ------------
     FDCE:C->Q             6   0.591   0.844  VCounter_q_7 (VCounter_q_7)
     LUT4:I0->O            1   0.704   0.424  RedOut_d_and000044_SW0 (N6)
     LUT4:I3->O            2   0.704   0.451  RedOut_d_and000044 (GreenOut_d<0>44)
     LUT4_L:I3->LO         1   0.704   0.104  RedOut_d_and000093_SW0 (N2)
     LUT4:I3->O            1   0.704   0.000  GreenOut_d<0>130 (GreenOut_d<0>)
     FDCE:D                    0.308          GreenOut_q_0
    ----------------------------------------
    Total                      5.538ns (3.715ns logic, 1.823ns route)
                                       (67.1% logic, 32.9% route)

=========================================================================
Timing constraint: Default OFFSET IN BEFORE for Clock 'Clk'
  Total number of paths / destination ports: 108 / 64
-------------------------------------------------------------------------
Offset:              4.338ns (Levels of Logic = 2)
  Source:            ClkEnable (PAD)
  Destination:       HCounter_q_0 (FF)
  Destination Clock: Clk rising

  Data Path: ClkEnable to HCounter_q_0
                                Gate     Net
    Cell:in->out      fanout   Delay   Delay  Logical Name (Net Name)
    ----------------------------------------  ------------
     IBUF:I->O             1   1.218   0.595  ClkEnable_IBUF (ClkEnable_IBUF)
     LUT2:I0->O           44   0.704   1.266  HCounter_q_and00011 (HCounter_q_and0001)
     FDCE:CE                   0.555          HCounter_q_0
    ----------------------------------------
    Total                      4.338ns (2.477ns logic, 1.861ns route)
                                       (57.1% logic, 42.9% route)

=========================================================================
Timing constraint: Default OFFSET OUT AFTER for Clock 'Clk'
  Total number of paths / destination ports: 8 / 8
-------------------------------------------------------------------------
Offset:              4.394ns (Levels of Logic = 1)
  Source:            RedOut_q_0 (FF)
  Destination:       RedOut<2> (PAD)
  Source Clock:      Clk rising

  Data Path: RedOut_q_0 to RedOut<2>
                                Gate     Net
    Cell:in->out      fanout   Delay   Delay  Logical Name (Net Name)
    ----------------------------------------  ------------
     FDCE:C->Q             3   0.591   0.531  RedOut_q_0 (RedOut_q_0)
     OBUF:I->O                 3.272          RedOut_2_OBUF (RedOut<2>)
    ----------------------------------------
    Total                      4.394ns (3.863ns logic, 0.531ns route)
                                       (87.9% logic, 12.1% route)

=========================================================================


Total REAL time to Xst completion: 4.00 secs
Total CPU time to Xst completion: 3.98 secs
 
--> 

Total memory usage is 306204 kilobytes

Number of errors   :    0 (   0 filtered)
Number of warnings :    3 (   0 filtered)
Number of infos    :    2 (   0 filtered)

